  [1m[35m (4.2ms)[0m  [1m[35mCREATE TABLE "schema_migrations" ("version" varchar NOT NULL PRIMARY KEY)[0m
  [1m[35m (0.7ms)[0m  [1m[35mCREATE TABLE "ar_internal_metadata" ("key" varchar NOT NULL PRIMARY KEY, "value" varchar, "created_at" datetime(6) NOT NULL, "updated_at" datetime(6) NOT NULL)[0m
  [1m[36mActiveRecord::InternalMetadata Load (0.3ms)[0m  [1m[34mSELECT * FROM "ar_internal_metadata" WHERE "ar_internal_metadata"."key" = ? ORDER BY "ar_internal_metadata"."key" ASC LIMIT 1[0m  [[nil, "environment"]]
  [1m[36mActiveRecord::InternalMetadata Create (0.4ms)[0m  [1m[32mINSERT INTO "ar_internal_metadata" ("key", "value", "created_at", "updated_at") VALUES ('environment', 'development', '2023-12-29 06:46:34.021253', '2023-12-29 06:46:34.021261') RETURNING "key"[0m
  [1m[36mActiveRecord::SchemaMigration Load (0.2ms)[0m  [1m[34mSELECT "schema_migrations"."version" FROM "schema_migrations" ORDER BY "schema_migrations"."version" ASC[0m
Migrating to CreateUsers (20231229060823)
  [1m[36mTRANSACTION (0.1ms)[0m  [1m[36mbegin transaction[0m
  [1m[35m (1.7ms)[0m  [1m[35mCREATE TABLE "users" ("id" integer PRIMARY KEY AUTOINCREMENT NOT NULL, "username" varchar, "name" varchar, "created_at" datetime(6) NOT NULL, "updated_at" datetime(6) NOT NULL)[0m
  [1m[36mActiveRecord::SchemaMigration Create (0.3ms)[0m  [1m[32mINSERT INTO "schema_migrations" ("version") VALUES ('20231229060823') RETURNING "version"[0m
  [1m[36mTRANSACTION (0.2ms)[0m  [1m[36mcommit transaction[0m
  [1m[36mActiveRecord::SchemaMigration Load (0.1ms)[0m  [1m[34mSELECT "schema_migrations"."version" FROM "schema_migrations" ORDER BY "schema_migrations"."version" ASC[0m
Started GET "/" for 127.0.0.1 at 2024-01-01 14:45:13 +0800
  [1m[36mActiveRecord::SchemaMigration Load (0.7ms)[0m  [1m[34mSELECT "schema_migrations"."version" FROM "schema_migrations" ORDER BY "schema_migrations"."version" ASC[0m
Processing by Rails::WelcomeController#index as HTML
  Rendering C:/Ruby32-x64/lib/ruby/gems/3.2.0/gems/railties-7.1.2/lib/rails/templates/rails/welcome/index.html.erb
  Rendered C:/Ruby32-x64/lib/ruby/gems/3.2.0/gems/railties-7.1.2/lib/rails/templates/rails/welcome/index.html.erb (Duration: 1.1ms | Allocations: 376)
Completed 200 OK in 209ms (Views: 44.2ms | ActiveRecord: 0.0ms | Allocations: 8634)


Started GET "/api/v1/users/" for 127.0.0.1 at 2024-01-01 14:49:12 +0800
  
ActionController::RoutingError (No route matches [GET] "/api/v1/users"):
  
Started POST "/api/v1/users/" for 127.0.0.1 at 2024-01-01 14:49:44 +0800
Processing by Api::V1::UsersController#create as */*
  Parameters: {"username"=>"hello world", "name"=>"hello", "user"=>{"username"=>"hello world", "name"=>"hello"}}
Completed 204 No Content in 1ms (ActiveRecord: 6.7ms | Allocations: 104)


Started POST "/api/v1/users/" for 127.0.0.1 at 2024-01-01 14:50:06 +0800
Processing by Api::V1::UsersController#create as */*
  Parameters: {"username"=>"hello world", "name"=>"hello", "user"=>{"username"=>"hello world", "name"=>"hello"}}
Completed 204 No Content in 0ms (ActiveRecord: 0.0ms | Allocations: 21)


Started POST "/api/v1/users/" for 127.0.0.1 at 2024-01-01 14:50:28 +0800
Processing by Api::V1::UsersController#create as */*
  Parameters: {"username"=>"hello world", "name"=>"hello", "user"=>{"username"=>"hello world", "name"=>"hello"}}
Completed 204 No Content in 0ms (ActiveRecord: 0.0ms | Allocations: 21)


Started POST "/api/v1/users/" for 127.0.0.1 at 2024-01-01 14:51:20 +0800
Processing by Api::V1::UsersController#create as */*
  Parameters: {"username"=>"hello world", "name"=>"hello", "user"=>{"username"=>"hello world", "name"=>"hello"}}
Completed 204 No Content in 0ms (ActiveRecord: 0.0ms | Allocations: 19)


  [1m[36mActiveRecord::InternalMetadata Load (3.7ms)[0m  [1m[34mSELECT * FROM "ar_internal_metadata" WHERE "ar_internal_metadata"."key" = ? ORDER BY "ar_internal_metadata"."key" ASC LIMIT 1[0m  [[nil, "environment"]]
  [1m[36mActiveRecord::SchemaMigration Load (0.1ms)[0m  [1m[34mSELECT "schema_migrations"."version" FROM "schema_migrations" ORDER BY "schema_migrations"."version" ASC[0m
Migrating to CreatePosts (20240101072106)
  [1m[36mTRANSACTION (0.0ms)[0m  [1m[36mbegin transaction[0m
  [1m[35m (2.4ms)[0m  [1m[35mCREATE TABLE "posts" ("id" integer PRIMARY KEY AUTOINCREMENT NOT NULL, "user_id" integer NOT NULL, "title" varchar, "created_at" datetime(6) NOT NULL, "updated_at" datetime(6) NOT NULL, CONSTRAINT "fk_rails_5b5ddfd518"
FOREIGN KEY ("user_id")
  REFERENCES "users" ("id")
)[0m
  [1m[35m (0.1ms)[0m  [1m[35mCREATE INDEX "index_posts_on_user_id" ON "posts" ("user_id")[0m
  [1m[36mActiveRecord::SchemaMigration Create (0.1ms)[0m  [1m[32mINSERT INTO "schema_migrations" ("version") VALUES ('20240101072106') RETURNING "version"[0m
  [1m[36mTRANSACTION (2.8ms)[0m  [1m[36mcommit transaction[0m
  [1m[36mActiveRecord::SchemaMigration Load (0.1ms)[0m  [1m[34mSELECT "schema_migrations"."version" FROM "schema_migrations" ORDER BY "schema_migrations"."version" ASC[0m
Started GET "/" for 127.0.0.1 at 2024-01-01 15:39:25 +0800
  [1m[36mActiveRecord::SchemaMigration Load (0.1ms)[0m  [1m[34mSELECT "schema_migrations"."version" FROM "schema_migrations" ORDER BY "schema_migrations"."version" ASC[0m
Processing by Rails::WelcomeController#index as HTML
  Rendering C:/Ruby32-x64/lib/ruby/gems/3.2.0/gems/railties-7.1.2/lib/rails/templates/rails/welcome/index.html.erb
  Rendered C:/Ruby32-x64/lib/ruby/gems/3.2.0/gems/railties-7.1.2/lib/rails/templates/rails/welcome/index.html.erb (Duration: 1.0ms | Allocations: 376)
Completed 200 OK in 29ms (Views: 8.5ms | ActiveRecord: 0.0ms | Allocations: 4736)


Started POST "/api/v1/users/" for 127.0.0.1 at 2024-01-01 15:40:21 +0800
Processing by Api::V1::UsersController#create as */*
  Parameters: {"username"=>"hello world", "name"=>"hello", "user"=>{"username"=>"hello world", "name"=>"hello"}}
Completed 204 No Content in 0ms (ActiveRecord: 2.3ms | Allocations: 105)


Started POST "/api/v1/users/" for 127.0.0.1 at 2024-01-01 15:41:18 +0800
Processing by Api::V1::UsersController#create as */*
  Parameters: {"username"=>"hello world", "name"=>"hello", "user"=>{"username"=>"hello world", "name"=>"hello"}}
Completed 204 No Content in 0ms (ActiveRecord: 0.0ms | Allocations: 21)


Started POST "/api/v1/users" for 127.0.0.1 at 2024-01-01 15:47:19 +0800
  
SyntaxError (C:/Users/user/Desktop/App/WebForumBackend/backend/app/controllers/api/v1/users_controller.rb:10: syntax error, unexpected integer literal, expecting `do' or '{' or '('
      }, status 400
                ^~~
):
  
app/controllers/api/v1/users_controller.rb:10: syntax error, unexpected integer literal, expecting `do' or '{' or '('
Started POST "/api/v1/users" for 127.0.0.1 at 2024-01-01 15:48:26 +0800
Processing by Api::V1::UsersController#create as */*
  Parameters: {"username"=>"hello world", "name"=>"hello", "user"=>{"username"=>"hello world", "name"=>"hello"}}
  [1m[36mTRANSACTION (0.1ms)[0m  [1m[36mbegin transaction[0m
  ↳ app/controllers/api/v1/users_controller.rb:5:in `create'
  [1m[36mUser Create (1.5ms)[0m  [1m[32mINSERT INTO "users" ("username", "name", "created_at", "updated_at") VALUES (?, ?, ?, ?) RETURNING "id"[0m  [["username", "hello world"], ["name", "hello"], ["created_at", "2024-01-01 07:48:26.404205"], ["updated_at", "2024-01-01 07:48:26.404205"]]
  ↳ app/controllers/api/v1/users_controller.rb:5:in `create'
  [1m[36mTRANSACTION (2.2ms)[0m  [1m[36mcommit transaction[0m
  ↳ app/controllers/api/v1/users_controller.rb:5:in `create'
Completed 200 OK in 54ms (Views: 0.5ms | ActiveRecord: 6.8ms | Allocations: 11064)


Started GET "/api/v1/users" for 127.0.0.1 at 2024-01-01 15:49:37 +0800
  
ActionController::RoutingError (No route matches [GET] "/api/v1/users"):
  
Started GET "/api/v1/users" for 127.0.0.1 at 2024-01-01 15:51:36 +0800
  
ActionController::RoutingError (No route matches [GET] "/api/v1/users"):
  
Started GET "/api/v1/users/hello%20world" for 127.0.0.1 at 2024-01-01 15:52:23 +0800
  
ActionController::RoutingError (No route matches [GET] "/api/v1/users/hello%20world"):
  
Started GET "/api/v1/users/helloworld" for 127.0.0.1 at 2024-01-01 15:52:37 +0800
  
ActionController::RoutingError (No route matches [GET] "/api/v1/users/helloworld"):
  
Started GET "/api/v1/users/1" for 127.0.0.1 at 2024-01-01 15:52:44 +0800
  
ActionController::RoutingError (No route matches [GET] "/api/v1/users/1"):
  
Started GET "/" for 127.0.0.1 at 2024-01-01 16:22:28 +0800
  [1m[36mActiveRecord::SchemaMigration Load (0.2ms)[0m  [1m[34mSELECT "schema_migrations"."version" FROM "schema_migrations" ORDER BY "schema_migrations"."version" ASC[0m
Processing by Rails::WelcomeController#index as HTML
  Rendering C:/Ruby32-x64/lib/ruby/gems/3.2.0/gems/railties-7.1.2/lib/rails/templates/rails/welcome/index.html.erb
  Rendered C:/Ruby32-x64/lib/ruby/gems/3.2.0/gems/railties-7.1.2/lib/rails/templates/rails/welcome/index.html.erb (Duration: 1.1ms | Allocations: 375)
Completed 200 OK in 28ms (Views: 9.6ms | ActiveRecord: 0.0ms | Allocations: 4735)


Started POST "/" for 127.0.0.1 at 2024-01-01 16:22:59 +0800
  
ActionController::RoutingError (No route matches [POST] "/"):
  
Started POST "/" for 127.0.0.1 at 2024-01-01 16:23:50 +0800
  
ActionController::RoutingError (No route matches [POST] "/"):
  
Started POST "/api/v1/users" for 127.0.0.1 at 2024-01-01 16:24:34 +0800
Processing by Api::V1::UsersController#create as */*
Completed 400 Bad Request in 12ms (ActiveRecord: 0.0ms | Allocations: 4983)


  
ActionController::ParameterMissing (param is missing or the value is empty: user):
  
app/controllers/api/v1/users_controller.rb:33:in `user_params'
app/controllers/api/v1/users_controller.rb:9:in `create'
Started POST "/api/v1/users" for 127.0.0.1 at 2024-01-01 16:28:14 +0800
Processing by Api::V1::UsersController#create as */*
Completed 400 Bad Request in 6ms (ActiveRecord: 0.0ms | Allocations: 623)


  
ActionController::ParameterMissing (param is missing or the value is empty: user):
  
app/controllers/api/v1/users_controller.rb:33:in `user_params'
app/controllers/api/v1/users_controller.rb:9:in `create'
Started POST "/api/v1/users" for 127.0.0.1 at 2024-01-01 16:36:09 +0800
Processing by Api::V1::UsersController#create as */*
Completed 400 Bad Request in 6ms (ActiveRecord: 0.0ms | Allocations: 619)


  
ActionController::ParameterMissing (param is missing or the value is empty: users):
  
app/controllers/api/v1/users_controller.rb:33:in `user_params'
app/controllers/api/v1/users_controller.rb:9:in `create'
Started POST "/api/v1/users" for 127.0.0.1 at 2024-01-01 16:38:22 +0800
Processing by Api::V1::UsersController#create as */*
Completed 400 Bad Request in 1ms (ActiveRecord: 0.0ms | Allocations: 143)


  
ActionController::ParameterMissing (param is missing or the value is empty: users):
  
app/controllers/api/v1/users_controller.rb:34:in `user_params'
app/controllers/api/v1/users_controller.rb:9:in `create'
Started POST "/api/v1/users" for 127.0.0.1 at 2024-01-01 16:40:06 +0800
Processing by Api::V1::UsersController#create as */*
Completed 400 Bad Request in 5ms (ActiveRecord: 0.0ms | Allocations: 622)


  
ActionController::ParameterMissing (param is missing or the value is empty: user):
  
app/controllers/api/v1/users_controller.rb:33:in `user_params'
app/controllers/api/v1/users_controller.rb:9:in `create'
Started POST "/api/v1/users" for 127.0.0.1 at 2024-01-01 16:42:48 +0800
Processing by Api::V1::UsersController#create as */*
Completed 400 Bad Request in 1ms (ActiveRecord: 0.0ms | Allocations: 95)


  
ActionController::ParameterMissing (param is missing or the value is empty: user):
  
app/controllers/api/v1/users_controller.rb:33:in `user_params'
app/controllers/api/v1/users_controller.rb:9:in `create'
Started POST "/api/v1/users/" for 127.0.0.1 at 2024-01-01 16:43:44 +0800
Processing by Api::V1::UsersController#create as */*
Completed 400 Bad Request in 0ms (ActiveRecord: 0.0ms | Allocations: 95)


  
ActionController::ParameterMissing (param is missing or the value is empty: user):
  
app/controllers/api/v1/users_controller.rb:33:in `user_params'
app/controllers/api/v1/users_controller.rb:9:in `create'
Started GET "/ws" for ::1 at 2024-01-01 16:59:38 +0800
  [1m[36mActiveRecord::SchemaMigration Load (0.2ms)[0m  [1m[34mSELECT "schema_migrations"."version" FROM "schema_migrations" ORDER BY "schema_migrations"."version" ASC[0m
  
ActionController::RoutingError (No route matches [GET] "/ws"):
  
Started GET "/ws" for ::1 at 2024-01-01 16:59:39 +0800
  
ActionController::RoutingError (No route matches [GET] "/ws"):
  
Started GET "/ws" for ::1 at 2024-01-01 16:59:41 +0800
  
ActionController::RoutingError (No route matches [GET] "/ws"):
  
Started POST "/api/v1/users/" for ::1 at 2024-01-01 16:59:42 +0800
Processing by Api::V1::UsersController#create as */*
Completed 400 Bad Request in 15ms (ActiveRecord: 0.0ms | Allocations: 4989)


  
ActionController::ParameterMissing (param is missing or the value is empty: user):
  
app/controllers/api/v1/users_controller.rb:33:in `user_params'
app/controllers/api/v1/users_controller.rb:9:in `create'
Started GET "/ws" for ::1 at 2024-01-01 16:59:46 +0800
  
ActionController::RoutingError (No route matches [GET] "/ws"):
  
Started OPTIONS "/api/v1/users/" for 127.0.0.1 at 2024-01-01 17:02:49 +0800
  [1m[36mActiveRecord::SchemaMigration Load (0.2ms)[0m  [1m[34mSELECT "schema_migrations"."version" FROM "schema_migrations" ORDER BY "schema_migrations"."version" ASC[0m
  
ActionController::RoutingError (No route matches [OPTIONS] "/api/v1/users"):
  
Started OPTIONS "/api/v1/users/" for 127.0.0.1 at 2024-01-01 17:04:57 +0800
  
ActionController::RoutingError (No route matches [OPTIONS] "/api/v1/users"):
  
Started OPTIONS "/api/v1/users/" for 127.0.0.1 at 2024-01-01 17:07:50 +0800
  
ActionController::RoutingError (No route matches [OPTIONS] "/api/v1/users"):
  
Started OPTIONS "/api/v1/users/" for 127.0.0.1 at 2024-01-02 13:42:13 +0800
  [1m[36mActiveRecord::SchemaMigration Load (0.6ms)[0m  [1m[34mSELECT "schema_migrations"."version" FROM "schema_migrations" ORDER BY "schema_migrations"."version" ASC[0m
  
ActionController::RoutingError (No route matches [OPTIONS] "/api/v1/users"):
  
Started POST "/api/v1/users" for 127.0.0.1 at 2024-01-02 13:44:34 +0800
Processing by Api::V1::UsersController#create as */*
  Parameters: {"username"=>"hello world", "name"=>"hello", "user"=>{"username"=>"hello world", "name"=>"hello"}}
  [1m[36mTRANSACTION (0.2ms)[0m  [1m[36mbegin transaction[0m
  ↳ app/controllers/api/v1/users_controller.rb:10:in `create'
  [1m[36mUser Create (5.5ms)[0m  [1m[32mINSERT INTO "users" ("username", "name", "created_at", "updated_at") VALUES (?, ?, ?, ?) RETURNING "id"[0m  [["username", "hello world"], ["name", "hello"], ["created_at", "2024-01-02 05:44:35.769306"], ["updated_at", "2024-01-02 05:44:35.769306"]]
  ↳ app/controllers/api/v1/users_controller.rb:10:in `create'
  [1m[36mTRANSACTION (3.5ms)[0m  [1m[36mcommit transaction[0m
  ↳ app/controllers/api/v1/users_controller.rb:10:in `create'
Completed 200 OK in 174ms (Views: 1.2ms | ActiveRecord: 17.7ms | Allocations: 13054)


Started OPTIONS "/api/v1/users" for 127.0.0.1 at 2024-01-02 13:48:42 +0800
  
ActionController::RoutingError (No route matches [OPTIONS] "/api/v1/users"):
  
Started OPTIONS "/api/v1/users" for 127.0.0.1 at 2024-01-02 13:49:44 +0800
  
ActionController::RoutingError (No route matches [OPTIONS] "/api/v1/users"):
  
Started POST "/api/v1/users" for 127.0.0.1 at 2024-01-02 13:51:39 +0800
Processing by Api::V1::UsersController#create as */*
Completed 400 Bad Request in 4ms (ActiveRecord: 0.0ms | Allocations: 650)


  
ActionController::ParameterMissing (param is missing or the value is empty: user):
  
app/controllers/api/v1/users_controller.rb:33:in `user_params'
app/controllers/api/v1/users_controller.rb:9:in `create'
Started POST "/api/v1/users" for 127.0.0.1 at 2024-01-02 14:16:20 +0800
  [1m[36mActiveRecord::SchemaMigration Load (0.5ms)[0m  [1m[34mSELECT "schema_migrations"."version" FROM "schema_migrations" ORDER BY "schema_migrations"."version" ASC[0m
Processing by Api::V1::UsersController#create as */*
Completed 400 Bad Request in 42ms (ActiveRecord: 0.0ms | Allocations: 7344)


  
ActionController::ParameterMissing (param is missing or the value is empty: user):
  
app/controllers/api/v1/users_controller.rb:33:in `user_params'
app/controllers/api/v1/users_controller.rb:9:in `create'
Started POST "/api/v1/users" for 127.0.0.1 at 2024-01-02 14:18:45 +0800
Processing by Api::V1::UsersController#create as */*
Completed 400 Bad Request in 2ms (ActiveRecord: 0.0ms | Allocations: 99)


  
ActionController::ParameterMissing (param is missing or the value is empty: user):
  
app/controllers/api/v1/users_controller.rb:33:in `user_params'
app/controllers/api/v1/users_controller.rb:9:in `create'
Started POST "/api/v1/users" for 127.0.0.1 at 2024-01-02 14:19:31 +0800
Processing by Api::V1::UsersController#create as */*
Completed 400 Bad Request in 0ms (ActiveRecord: 0.0ms | Allocations: 98)


  
ActionController::ParameterMissing (param is missing or the value is empty: user):
  
app/controllers/api/v1/users_controller.rb:33:in `user_params'
app/controllers/api/v1/users_controller.rb:9:in `create'
Started POST "/api/v1/users" for 127.0.0.1 at 2024-01-02 14:24:25 +0800
Processing by Api::V1::UsersController#create as */*
Completed 400 Bad Request in 0ms (ActiveRecord: 0.0ms | Allocations: 98)


  
ActionController::ParameterMissing (param is missing or the value is empty: user):
  
app/controllers/api/v1/users_controller.rb:33:in `user_params'
app/controllers/api/v1/users_controller.rb:9:in `create'
Started POST "/api/v1/users" for 127.0.0.1 at 2024-01-02 14:25:07 +0800
Processing by Api::V1::UsersController#create as */*
Completed 400 Bad Request in 1ms (ActiveRecord: 0.0ms | Allocations: 98)


  
ActionController::ParameterMissing (param is missing or the value is empty: user):
  
app/controllers/api/v1/users_controller.rb:33:in `user_params'
app/controllers/api/v1/users_controller.rb:9:in `create'
Started POST "/api/v1/users" for 127.0.0.1 at 2024-01-02 14:25:36 +0800
Processing by Api::V1::UsersController#create as */*
Completed 400 Bad Request in 0ms (ActiveRecord: 0.0ms | Allocations: 96)


  
ActionController::ParameterMissing (param is missing or the value is empty: user):
  
app/controllers/api/v1/users_controller.rb:33:in `user_params'
app/controllers/api/v1/users_controller.rb:9:in `create'
Started POST "/api/v1/users" for 127.0.0.1 at 2024-01-02 14:33:25 +0800
Processing by Api::V1::UsersController#create as */*
  Parameters: {"username"=>{"username"=>"aikendueet"}, "name"=>{"name"=>"Aiken"}, "user"=>{"username"=>{"username"=>"aikendueet"}, "name"=>{"name"=>"Aiken"}}}
[31mUnpermitted parameters: :username, :name. Context: { controller: Api::V1::UsersController, action: create, request: #<ActionDispatch::Request:0x0000012f539e1690>, params: {"username"=>{"username"=>"aikendueet"}, "name"=>{"name"=>"Aiken"}, "controller"=>"api/v1/users", "action"=>"create", "user"=>{"username"=>{"username"=>"aikendueet"}, "name"=>{"name"=>"Aiken"}}} }[0m
  [1m[36mTRANSACTION (0.1ms)[0m  [1m[36mbegin transaction[0m
  ↳ app/controllers/api/v1/users_controller.rb:10:in `create'
  [1m[36mUser Create (9.9ms)[0m  [1m[32mINSERT INTO "users" ("username", "name", "created_at", "updated_at") VALUES (?, ?, ?, ?) RETURNING "id"[0m  [["username", nil], ["name", nil], ["created_at", "2024-01-02 06:33:26.180068"], ["updated_at", "2024-01-02 06:33:26.180068"]]
  ↳ app/controllers/api/v1/users_controller.rb:10:in `create'
  [1m[36mTRANSACTION (5.0ms)[0m  [1m[36mcommit transaction[0m
  ↳ app/controllers/api/v1/users_controller.rb:10:in `create'
Completed 200 OK in 258ms (Views: 1.2ms | ActiveRecord: 24.1ms | Allocations: 13358)


Started POST "/api/v1/users" for 127.0.0.1 at 2024-01-02 14:40:41 +0800
Processing by Api::V1::UsersController#create as */*
  Parameters: {"user"=>[{"username"=>{"username"=>"aikendueet"}, "name"=>{"name"=>"Aiken"}}]}
Completed 500 Internal Server Error in 1ms (ActiveRecord: 0.0ms | Allocations: 131)


  
NoMethodError (undefined method `permit' for [#<ActionController::Parameters {"username"=>{"username"=>"aikendueet"}, "name"=>{"name"=>"Aiken"}} permitted: false>]:Array):
  
app/controllers/api/v1/users_controller.rb:33:in `user_params'
app/controllers/api/v1/users_controller.rb:9:in `create'
Started POST "/api/v1/users" for 127.0.0.1 at 2024-01-02 14:45:44 +0800
Processing by Api::V1::UsersController#create as */*
  Parameters: {"user"=>{"username"=>{"username"=>"aikendueet"}, "name"=>{"name"=>"Aiken"}}}
[31mUnpermitted parameters: :username, :name. Context: { controller: Api::V1::UsersController, action: create, request: #<ActionDispatch::Request:0x0000012f524eb240>, params: {"user"=>{"username"=>{"username"=>"aikendueet"}, "name"=>{"name"=>"Aiken"}}, "controller"=>"api/v1/users", "action"=>"create"} }[0m
  [1m[36mTRANSACTION (0.1ms)[0m  [1m[36mbegin transaction[0m
  ↳ app/controllers/api/v1/users_controller.rb:10:in `create'
  [1m[36mUser Create (10.6ms)[0m  [1m[32mINSERT INTO "users" ("username", "name", "created_at", "updated_at") VALUES (?, ?, ?, ?) RETURNING "id"[0m  [["username", nil], ["name", nil], ["created_at", "2024-01-02 06:45:44.629299"], ["updated_at", "2024-01-02 06:45:44.629299"]]
  ↳ app/controllers/api/v1/users_controller.rb:10:in `create'
  [1m[36mTRANSACTION (5.2ms)[0m  [1m[36mcommit transaction[0m
  ↳ app/controllers/api/v1/users_controller.rb:10:in `create'
Completed 200 OK in 39ms (Views: 2.3ms | ActiveRecord: 19.6ms | Allocations: 1917)


Started POST "/api/v1/users" for 127.0.0.1 at 2024-01-02 14:58:17 +0800
Processing by Api::V1::UsersController#create as */*
  Parameters: {"user"=>{"username"=>{"username"=>"aikendueet"}, "name"=>{"name"=>"Aiken"}}}
[31mUnpermitted parameters: :username, :name. Context: { controller: Api::V1::UsersController, action: create, request: #<ActionDispatch::Request:0x0000012f53bba7a0>, params: {"user"=>{"username"=>{"username"=>"aikendueet"}, "name"=>{"name"=>"Aiken"}}, "controller"=>"api/v1/users", "action"=>"create"} }[0m
  [1m[36mTRANSACTION (0.1ms)[0m  [1m[36mbegin transaction[0m
  ↳ app/controllers/api/v1/users_controller.rb:10:in `create'
  [1m[36mUser Create (11.5ms)[0m  [1m[32mINSERT INTO "users" ("username", "name", "created_at", "updated_at") VALUES (?, ?, ?, ?) RETURNING "id"[0m  [["username", nil], ["name", nil], ["created_at", "2024-01-02 06:58:17.889204"], ["updated_at", "2024-01-02 06:58:17.889204"]]
  ↳ app/controllers/api/v1/users_controller.rb:10:in `create'
  [1m[36mTRANSACTION (3.9ms)[0m  [1m[36mcommit transaction[0m
  ↳ app/controllers/api/v1/users_controller.rb:10:in `create'
Completed 200 OK in 32ms (Views: 1.3ms | ActiveRecord: 19.1ms | Allocations: 1874)


Started POST "/api/v1/users" for 127.0.0.1 at 2024-01-02 14:58:49 +0800
Processing by Api::V1::UsersController#create as */*
  Parameters: {"user"=>{"username"=>"aikendueet", "name"=>"Aiken"}}
  [1m[36mTRANSACTION (0.1ms)[0m  [1m[36mbegin transaction[0m
  ↳ app/controllers/api/v1/users_controller.rb:10:in `create'
  [1m[36mUser Create (2.6ms)[0m  [1m[32mINSERT INTO "users" ("username", "name", "created_at", "updated_at") VALUES (?, ?, ?, ?) RETURNING "id"[0m  [["username", "aikendueet"], ["name", "Aiken"], ["created_at", "2024-01-02 06:58:50.038764"], ["updated_at", "2024-01-02 06:58:50.038764"]]
  ↳ app/controllers/api/v1/users_controller.rb:10:in `create'
  [1m[36mTRANSACTION (0.2ms)[0m  [1m[36mcommit transaction[0m
  ↳ app/controllers/api/v1/users_controller.rb:10:in `create'
Completed 200 OK in 13ms (Views: 1.6ms | ActiveRecord: 2.9ms | Allocations: 1588)


Started DELETE "/api/v1/users" for 127.0.0.1 at 2024-01-02 15:51:58 +0800
  [1m[36mActiveRecord::SchemaMigration Load (0.5ms)[0m  [1m[34mSELECT "schema_migrations"."version" FROM "schema_migrations" ORDER BY "schema_migrations"."version" ASC[0m
  
ActionController::RoutingError (No route matches [DELETE] "/api/v1/users"):
  
Error occurred while parsing request parameters.
Contents:

{
    "username": NULL,
    "name": NULL;
}
Started DELETE "/api/v1/users/3" for 127.0.0.1 at 2024-01-02 15:52:05 +0800
  
ActionController::RoutingError (No route matches [DELETE] "/api/v1/users/3"):
  
Error occurred while parsing request parameters.
Contents:

{
    "username": NULL,
    "name": NULL;
}
Started DELETE "/api/v1/users/3" for 127.0.0.1 at 2024-01-02 15:58:35 +0800
  
ActionController::RoutingError (No route matches [DELETE] "/api/v1/users/3"):
  
Started DELETE "/api/v1/users" for 127.0.0.1 at 2024-01-02 15:58:40 +0800
  
ActionController::RoutingError (No route matches [DELETE] "/api/v1/users"):
  
Started DELETE "/api/v1/users" for 127.0.0.1 at 2024-01-02 16:14:37 +0800
  
ActionController::RoutingError (No route matches [DELETE] "/api/v1/users"):
  
Started GET "/api/v1/users" for 127.0.0.1 at 2024-01-02 16:14:45 +0800
  
ActionController::RoutingError (No route matches [GET] "/api/v1/users"):
  
Started GET "/api/v1/users" for 127.0.0.1 at 2024-01-02 16:15:03 +0800
  
SyntaxError (C:/Users/user/Desktop/App/WebForumBackend/backend/app/controllers/api/v1/users_controller.rb:58: syntax error, unexpected end-of-input):
  
app/controllers/api/v1/users_controller.rb:58: syntax error, unexpected end-of-input
Started GET "/api/v1/users" for 127.0.0.1 at 2024-01-02 16:16:10 +0800
Processing by Api::V1::UsersController#index as */*
  Parameters: {"username"=>"NULL", "name"=>"NULL", "user"=>{"username"=>"NULL", "name"=>"NULL"}}
  [1m[36mUser Load (0.3ms)[0m  [1m[34mSELECT "users".* FROM "users"[0m
  ↳ app/controllers/api/v1/users_controller.rb:4:in `index'
Completed 200 OK in 432ms (Views: 121.8ms | ActiveRecord: 3.9ms | Allocations: 14854)


Started DELETE "/api/v1/users/3" for 127.0.0.1 at 2024-01-02 16:16:34 +0800
  
ActionController::RoutingError (No route matches [DELETE] "/api/v1/users/3"):
  
Started GET "/api/v1/users/1" for 127.0.0.1 at 2024-01-02 16:17:35 +0800
Processing by Api::V1::UsersController#show as */*
  Parameters: {"username"=>"NULL", "name"=>"NULL", "id"=>"1", "user"=>{"username"=>"NULL", "name"=>"NULL"}}
Completed 404 Not Found in 230ms (ActiveRecord: 0.0ms | Allocations: 3699)


  
ActiveRecord::RecordNotFound (Couldn't find User without an ID):
  
app/controllers/api/v1/users_controller.rb:8:in `show'
Started GET "/api/v1/users/1" for 127.0.0.1 at 2024-01-02 16:18:07 +0800
Processing by Api::V1::UsersController#show as */*
  Parameters: {"username"=>"NULL", "name"=>"NULL", "id"=>"1", "user"=>{"username"=>"NULL", "name"=>"NULL"}}
  [1m[36mUser Load (0.3ms)[0m  [1m[34mSELECT "users".* FROM "users" WHERE "users"."id" IS NULL LIMIT ?[0m  [["LIMIT", 1]]
  ↳ app/controllers/api/v1/users_controller.rb:8:in `show'
Completed 200 OK in 6ms (Views: 0.4ms | ActiveRecord: 5.7ms | Allocations: 1037)


Started GET "/api/v1/users/1" for 127.0.0.1 at 2024-01-02 16:19:29 +0800
Processing by Api::V1::UsersController#show as */*
  Parameters: {"id"=>"1"}
Completed 400 Bad Request in 2ms (ActiveRecord: 0.0ms | Allocations: 116)


  
ActionController::ParameterMissing (param is missing or the value is empty: user):
  
app/controllers/api/v1/users_controller.rb:58:in `user_params'
app/controllers/api/v1/users_controller.rb:8:in `show'
Started GET "/api/v1/users/1" for 127.0.0.1 at 2024-01-02 16:19:57 +0800
Processing by Api::V1::UsersController#show as */*
  Parameters: {"username"=>"hello world", "name"=>"hello", "id"=>"1", "user"=>{"username"=>"hello world", "name"=>"hello"}}
  [1m[36mUser Load (0.2ms)[0m  [1m[34mSELECT "users".* FROM "users" WHERE "users"."id" IS NULL LIMIT ?[0m  [["LIMIT", 1]]
  ↳ app/controllers/api/v1/users_controller.rb:8:in `show'
Completed 200 OK in 6ms (Views: 0.4ms | ActiveRecord: 0.2ms | Allocations: 563)


Started GET "/api/v1/users/1" for 127.0.0.1 at 2024-01-02 16:24:52 +0800
Processing by Api::V1::UsersController#show as */*
  Parameters: {"username"=>"hello world", "name"=>"hello", "id"=>"1", "user"=>{"username"=>"hello world", "name"=>"hello"}}
  [1m[36mUser Load (0.5ms)[0m  [1m[34mSELECT "users".* FROM "users" WHERE "users"."id" = ? LIMIT ?[0m  [["id", 1], ["LIMIT", 1]]
  ↳ app/controllers/api/v1/users_controller.rb:8:in `show'
Completed 200 OK in 17ms (Views: 2.1ms | ActiveRecord: 9.1ms | Allocations: 3069)


Started DELETE "/api/v1/users/3" for 127.0.0.1 at 2024-01-02 16:25:26 +0800
  
ActionController::RoutingError (No route matches [DELETE] "/api/v1/users/3"):
  
Started GET "/api/v1/users/hello%20world" for 127.0.0.1 at 2024-01-02 16:26:33 +0800
Processing by Api::V1::UsersController#show as */*
  Parameters: {"username"=>"hello world", "name"=>"hello", "id"=>"hello world", "user"=>{"username"=>"hello world", "name"=>"hello"}}
  [1m[36mUser Load (0.3ms)[0m  [1m[34mSELECT "users".* FROM "users" WHERE "users"."id" = ? LIMIT ?[0m  [["id", nil], ["LIMIT", 1]]
  ↳ app/controllers/api/v1/users_controller.rb:8:in `show'
Completed 200 OK in 7ms (Views: 0.4ms | ActiveRecord: 6.4ms | Allocations: 708)


Started GET "/api/v1/users/aikendueet" for 127.0.0.1 at 2024-01-02 16:26:57 +0800
Processing by Api::V1::UsersController#show as */*
  Parameters: {"username"=>"hello world", "name"=>"hello", "id"=>"aikendueet", "user"=>{"username"=>"hello world", "name"=>"hello"}}
  [1m[36mUser Load (0.2ms)[0m  [1m[34mSELECT "users".* FROM "users" WHERE "users"."id" = ? LIMIT ?[0m  [["id", nil], ["LIMIT", 1]]
  ↳ app/controllers/api/v1/users_controller.rb:8:in `show'
Completed 200 OK in 6ms (Views: 0.3ms | ActiveRecord: 0.2ms | Allocations: 417)


Started GET "/api/v1/users/aikendueet" for 127.0.0.1 at 2024-01-02 16:27:02 +0800
Processing by Api::V1::UsersController#show as */*
  Parameters: {"username"=>"hello world", "name"=>"hello", "id"=>"aikendueet", "user"=>{"username"=>"hello world", "name"=>"hello"}}
  [1m[36mUser Load (0.2ms)[0m  [1m[34mSELECT "users".* FROM "users" WHERE "users"."id" = ? LIMIT ?[0m  [["id", nil], ["LIMIT", 1]]
  ↳ app/controllers/api/v1/users_controller.rb:8:in `show'
Completed 200 OK in 5ms (Views: 0.3ms | ActiveRecord: 0.2ms | Allocations: 407)


Started GET "/api/v1/users/1" for 127.0.0.1 at 2024-01-02 16:37:58 +0800
  [1m[36mActiveRecord::SchemaMigration Load (0.3ms)[0m  [1m[34mSELECT "schema_migrations"."version" FROM "schema_migrations" ORDER BY "schema_migrations"."version" ASC[0m
Processing by Api::V1::UsersController#show as */*
  Parameters: {"username"=>"hello world", "name"=>"hello", "id"=>"1", "user"=>{"username"=>"hello world", "name"=>"hello"}}
  [1m[36mUser Load (1.0ms)[0m  [1m[34mSELECT "users".* FROM "users" WHERE "users"."id" = ? LIMIT ?[0m  [["id", 1], ["LIMIT", 1]]
  ↳ app/controllers/api/v1/users_controller.rb:8:in `show'
Completed 200 OK in 20ms (Views: 1.9ms | ActiveRecord: 6.1ms | Allocations: 3176)


Started GET "/api/v1/users/3" for 127.0.0.1 at 2024-01-02 16:38:10 +0800
Processing by Api::V1::UsersController#show as */*
  Parameters: {"username"=>"hello world", "name"=>"hello", "id"=>"3", "user"=>{"username"=>"hello world", "name"=>"hello"}}
  [1m[36mUser Load (0.2ms)[0m  [1m[34mSELECT "users".* FROM "users" WHERE "users"."id" = ? LIMIT ?[0m  [["id", 3], ["LIMIT", 1]]
  ↳ app/controllers/api/v1/users_controller.rb:8:in `show'
Completed 200 OK in 6ms (Views: 1.6ms | ActiveRecord: 0.2ms | Allocations: 464)


Started DELETE "/api/v1/users/3" for 127.0.0.1 at 2024-01-02 16:38:18 +0800
  
ActionController::RoutingError (No route matches [DELETE] "/api/v1/users/3"):
  
Started DELETE "/api/v1/users/3" for 127.0.0.1 at 2024-01-02 16:39:23 +0800
Processing by Api::V1::UsersController#destroy as */*
  Parameters: {"username"=>"hello world", "name"=>"hello", "id"=>"3", "user"=>{"username"=>"hello world", "name"=>"hello"}}
  [1m[36mUser Load (0.5ms)[0m  [1m[34mSELECT "users".* FROM "users" WHERE "users"."id" = ? LIMIT ?[0m  [["id", 3], ["LIMIT", 1]]
  ↳ app/controllers/api/v1/users_controller.rb:43:in `destroy'
  [1m[36mTRANSACTION (0.2ms)[0m  [1m[36mbegin transaction[0m
  ↳ app/controllers/api/v1/users_controller.rb:45:in `destroy'
  [1m[36mUser Destroy (5512.1ms)[0m  [1m[31mDELETE FROM "users" WHERE "users"."id" = ?[0m  [["id", 3]]
  ↳ app/controllers/api/v1/users_controller.rb:45:in `destroy'
  [1m[36mTRANSACTION (0.1ms)[0m  [1m[31mrollback transaction[0m
  ↳ app/controllers/api/v1/users_controller.rb:45:in `destroy'
Completed 500 Internal Server Error in 5536ms (ActiveRecord: 5518.8ms | Allocations: 4353)


  
ActiveRecord::StatementInvalid (SQLite3::BusyException: database is locked):
  
Started DELETE "/api/v1/users/3" for 127.0.0.1 at 2024-01-02 16:40:00 +0800
Processing by Api::V1::UsersController#destroy as */*
  Parameters: {"username"=>"hello world", "name"=>"hello", "id"=>"3", "user"=>{"username"=>"hello world", "name"=>"hello"}}
  [1m[36mUser Load (0.3ms)[0m  [1m[34mSELECT "users".* FROM "users" WHERE "users"."id" = ? LIMIT ?[0m  [["id", 3], ["LIMIT", 1]]
  ↳ app/controllers/api/v1/users_controller.rb:43:in `destroy'
  [1m[36mTRANSACTION (0.1ms)[0m  [1m[36mbegin transaction[0m
  ↳ app/controllers/api/v1/users_controller.rb:45:in `destroy'
  [1m[36mUser Destroy (7.3ms)[0m  [1m[31mDELETE FROM "users" WHERE "users"."id" = ?[0m  [["id", 3]]
  ↳ app/controllers/api/v1/users_controller.rb:45:in `destroy'
  [1m[36mTRANSACTION (0.8ms)[0m  [1m[36mcommit transaction[0m
  ↳ app/controllers/api/v1/users_controller.rb:45:in `destroy'
Completed 200 OK in 19ms (Views: 0.5ms | ActiveRecord: 8.3ms | Allocations: 1595)


Started DELETE "/api/v1/users/4" for 127.0.0.1 at 2024-01-02 16:40:12 +0800
Processing by Api::V1::UsersController#destroy as */*
  Parameters: {"username"=>"hello world", "name"=>"hello", "id"=>"4", "user"=>{"username"=>"hello world", "name"=>"hello"}}
  [1m[36mUser Load (0.2ms)[0m  [1m[34mSELECT "users".* FROM "users" WHERE "users"."id" = ? LIMIT ?[0m  [["id", 4], ["LIMIT", 1]]
  ↳ app/controllers/api/v1/users_controller.rb:43:in `destroy'
  [1m[36mTRANSACTION (0.1ms)[0m  [1m[36mbegin transaction[0m
  ↳ app/controllers/api/v1/users_controller.rb:45:in `destroy'
  [1m[36mUser Destroy (4.3ms)[0m  [1m[31mDELETE FROM "users" WHERE "users"."id" = ?[0m  [["id", 4]]
  ↳ app/controllers/api/v1/users_controller.rb:45:in `destroy'
  [1m[36mTRANSACTION (0.3ms)[0m  [1m[36mcommit transaction[0m
  ↳ app/controllers/api/v1/users_controller.rb:45:in `destroy'
Completed 200 OK in 17ms (Views: 0.4ms | ActiveRecord: 4.9ms | Allocations: 1511)


Started DELETE "/api/v1/users/5" for 127.0.0.1 at 2024-01-02 16:40:14 +0800
Processing by Api::V1::UsersController#destroy as */*
  Parameters: {"username"=>"hello world", "name"=>"hello", "id"=>"5", "user"=>{"username"=>"hello world", "name"=>"hello"}}
  [1m[36mUser Load (0.2ms)[0m  [1m[34mSELECT "users".* FROM "users" WHERE "users"."id" = ? LIMIT ?[0m  [["id", 5], ["LIMIT", 1]]
  ↳ app/controllers/api/v1/users_controller.rb:43:in `destroy'
  [1m[36mTRANSACTION (0.2ms)[0m  [1m[36mbegin transaction[0m
  ↳ app/controllers/api/v1/users_controller.rb:45:in `destroy'
  [1m[36mUser Destroy (19.4ms)[0m  [1m[31mDELETE FROM "users" WHERE "users"."id" = ?[0m  [["id", 5]]
  ↳ app/controllers/api/v1/users_controller.rb:45:in `destroy'
  [1m[36mTRANSACTION (0.4ms)[0m  [1m[36mcommit transaction[0m
  ↳ app/controllers/api/v1/users_controller.rb:45:in `destroy'
Completed 200 OK in 32ms (Views: 0.3ms | ActiveRecord: 20.0ms | Allocations: 1510)


Started DELETE "/api/v1/users/2" for 127.0.0.1 at 2024-01-02 16:41:04 +0800
Processing by Api::V1::UsersController#destroy as */*
  Parameters: {"username"=>"hello world", "name"=>"hello", "id"=>"2", "user"=>{"username"=>"hello world", "name"=>"hello"}}
  [1m[36mUser Load (0.1ms)[0m  [1m[34mSELECT "users".* FROM "users" WHERE "users"."id" = ? LIMIT ?[0m  [["id", 2], ["LIMIT", 1]]
  ↳ app/controllers/api/v1/users_controller.rb:43:in `destroy'
  [1m[36mTRANSACTION (0.1ms)[0m  [1m[36mbegin transaction[0m
  ↳ app/controllers/api/v1/users_controller.rb:45:in `destroy'
  [1m[36mUser Destroy (2.8ms)[0m  [1m[31mDELETE FROM "users" WHERE "users"."id" = ?[0m  [["id", 2]]
  ↳ app/controllers/api/v1/users_controller.rb:45:in `destroy'
  [1m[36mTRANSACTION (0.2ms)[0m  [1m[36mcommit transaction[0m
  ↳ app/controllers/api/v1/users_controller.rb:45:in `destroy'
Completed 200 OK in 17ms (Views: 0.2ms | ActiveRecord: 3.2ms | Allocations: 1512)


Started POST "/api/v1/users/1" for 127.0.0.1 at 2024-01-02 17:03:15 +0800
  
ActionController::RoutingError (No route matches [POST] "/api/v1/users/1"):
  
Started GET "/api/v1/users/1" for 127.0.0.1 at 2024-01-02 17:03:33 +0800
Processing by Api::V1::UsersController#show as */*
  Parameters: {"username"=>"hello world", "name"=>"hello", "id"=>"1", "user"=>{"username"=>"hello world", "name"=>"hello"}}
  [1m[36mUser Load (2.3ms)[0m  [1m[34mSELECT "users".* FROM "users" WHERE "users"."id" = ? LIMIT ?[0m  [["id", 1], ["LIMIT", 1]]
  ↳ app/controllers/api/v1/users_controller.rb:8:in `show'
Completed 200 OK in 10ms (Views: 1.4ms | ActiveRecord: 3.6ms | Allocations: 3052)


Started GET "/api/v1/users/6" for 127.0.0.1 at 2024-01-02 17:03:39 +0800
Processing by Api::V1::UsersController#show as */*
  Parameters: {"username"=>"hello world", "name"=>"hello", "id"=>"6", "user"=>{"username"=>"hello world", "name"=>"hello"}}
  [1m[36mUser Load (0.2ms)[0m  [1m[34mSELECT "users".* FROM "users" WHERE "users"."id" = ? LIMIT ?[0m  [["id", 6], ["LIMIT", 1]]
  ↳ app/controllers/api/v1/users_controller.rb:8:in `show'
Completed 200 OK in 5ms (Views: 1.9ms | ActiveRecord: 0.1ms | Allocations: 462)


Started GET "/api/v1/users" for 127.0.0.1 at 2024-01-02 17:14:59 +0800
Processing by Api::V1::UsersController#index as */*
  Parameters: {"username"=>"hello world", "name"=>"hello", "user"=>{"username"=>"hello world", "name"=>"hello"}}
  [1m[36mUser Load (3.7ms)[0m  [1m[34mSELECT "users".* FROM "users"[0m
  ↳ app/controllers/api/v1/users_controller.rb:4:in `index'
Completed 200 OK in 14ms (Views: 8.1ms | ActiveRecord: 5.5ms | Allocations: 963)


Started GET "/api/v1/users" for 127.0.0.1 at 2024-01-02 17:45:17 +0800
Processing by Api::V1::UsersController#index as */*
  [1m[36mUser Load (1.5ms)[0m  [1m[34mSELECT "users".* FROM "users"[0m
  ↳ app/controllers/api/v1/users_controller.rb:4:in `index'
Completed 200 OK in 20ms (Views: 10.0ms | ActiveRecord: 2.3ms | Allocations: 3834)


Started GET "/api/v1/users" for 127.0.0.1 at 2024-01-03 15:18:47 +0800
  [1m[36mActiveRecord::SchemaMigration Load (0.2ms)[0m  [1m[34mSELECT "schema_migrations"."version" FROM "schema_migrations" ORDER BY "schema_migrations"."version" ASC[0m
Processing by Api::V1::UsersController#index as */*
  [1m[36mUser Load (0.1ms)[0m  [1m[34mSELECT "users".* FROM "users"[0m
  ↳ app/controllers/api/v1/users_controller.rb:4:in `index'
Completed 200 OK in 337ms (Views: 64.9ms | ActiveRecord: 4.3ms | Allocations: 18943)


Started GET "/api/v1/users" for 127.0.0.1 at 2024-01-03 15:19:03 +0800
Processing by Api::V1::UsersController#index as */*
  [1m[36mUser Load (0.1ms)[0m  [1m[34mSELECT "users".* FROM "users"[0m
  ↳ app/controllers/api/v1/users_controller.rb:4:in `index'
Completed 200 OK in 4ms (Views: 3.3ms | ActiveRecord: 0.1ms | Allocations: 680)


Started GET "/api/v1/users" for 127.0.0.1 at 2024-01-03 15:20:35 +0800
Processing by Api::V1::UsersController#index as */*
  [1m[36mUser Load (0.1ms)[0m  [1m[34mSELECT "users".* FROM "users"[0m
  ↳ app/controllers/api/v1/users_controller.rb:4:in `index'
Completed 200 OK in 4ms (Views: 3.4ms | ActiveRecord: 0.1ms | Allocations: 677)


Started GET "/api/v1/users" for 127.0.0.1 at 2024-01-03 15:30:01 +0800
Processing by Api::V1::UsersController#index as */*
  [1m[36mUser Load (1.9ms)[0m  [1m[34mSELECT "users".* FROM "users"[0m
  ↳ app/controllers/api/v1/users_controller.rb:4:in `index'
Completed 200 OK in 8ms (Views: 4.4ms | ActiveRecord: 3.0ms | Allocations: 950)


Started GET "/api/v1/users" for 127.0.0.1 at 2024-01-03 15:30:29 +0800
Processing by Api::V1::UsersController#index as */*
  [1m[36mUser Load (0.1ms)[0m  [1m[34mSELECT "users".* FROM "users"[0m
  ↳ app/controllers/api/v1/users_controller.rb:4:in `index'
Completed 200 OK in 3ms (Views: 3.0ms | ActiveRecord: 0.1ms | Allocations: 677)


Started GET "/api/v1/users" for 127.0.0.1 at 2024-01-03 15:31:16 +0800
Processing by Api::V1::UsersController#index as */*
  [1m[36mUser Load (0.1ms)[0m  [1m[34mSELECT "users".* FROM "users"[0m
  ↳ app/controllers/api/v1/users_controller.rb:4:in `index'
Completed 200 OK in 4ms (Views: 4.0ms | ActiveRecord: 0.1ms | Allocations: 666)


Started GET "/api/v1/users" for 127.0.0.1 at 2024-01-03 15:33:30 +0800
Processing by Api::V1::UsersController#index as */*
  [1m[36mUser Load (0.1ms)[0m  [1m[34mSELECT "users".* FROM "users"[0m
  ↳ app/controllers/api/v1/users_controller.rb:4:in `index'
Completed 200 OK in 4ms (Views: 4.1ms | ActiveRecord: 0.1ms | Allocations: 665)


Started GET "/api/v1/users" for 127.0.0.1 at 2024-01-03 15:45:59 +0800
Processing by Api::V1::UsersController#index as */*
  [1m[36mUser Load (3.1ms)[0m  [1m[34mSELECT "users".* FROM "users"[0m
  ↳ app/controllers/api/v1/users_controller.rb:4:in `index'
Completed 200 OK in 9ms (Views: 3.7ms | ActiveRecord: 5.3ms | Allocations: 938)


Started GET "/api/v1/users" for 127.0.0.1 at 2024-01-03 15:46:59 +0800
Processing by Api::V1::UsersController#index as */*
  [1m[36mUser Load (0.1ms)[0m  [1m[34mSELECT "users".* FROM "users"[0m
  ↳ app/controllers/api/v1/users_controller.rb:4:in `index'
Completed 200 OK in 4ms (Views: 3.5ms | ActiveRecord: 0.1ms | Allocations: 665)


Started GET "/api/v1/users" for 127.0.0.1 at 2024-01-03 15:47:28 +0800
Processing by Api::V1::UsersController#index as */*
  [1m[36mUser Load (0.2ms)[0m  [1m[34mSELECT "users".* FROM "users"[0m
  ↳ app/controllers/api/v1/users_controller.rb:4:in `index'
Completed 200 OK in 3ms (Views: 2.7ms | ActiveRecord: 0.1ms | Allocations: 665)


Started GET "/api/v1/users" for 127.0.0.1 at 2024-01-03 15:47:37 +0800
Processing by Api::V1::UsersController#index as */*
  [1m[36mUser Load (0.1ms)[0m  [1m[34mSELECT "users".* FROM "users"[0m
  ↳ app/controllers/api/v1/users_controller.rb:4:in `index'
Completed 200 OK in 3ms (Views: 3.1ms | ActiveRecord: 0.1ms | Allocations: 665)


Started GET "/api/v1/users" for 127.0.0.1 at 2024-01-03 15:48:17 +0800
Processing by Api::V1::UsersController#index as */*
  [1m[36mUser Load (0.1ms)[0m  [1m[34mSELECT "users".* FROM "users"[0m
  ↳ app/controllers/api/v1/users_controller.rb:4:in `index'
Completed 200 OK in 4ms (Views: 3.3ms | ActiveRecord: 0.1ms | Allocations: 665)


Started GET "/api/v1/users" for 127.0.0.1 at 2024-01-03 15:48:58 +0800
Processing by Api::V1::UsersController#index as */*
  [1m[36mUser Load (0.1ms)[0m  [1m[34mSELECT "users".* FROM "users"[0m
  ↳ app/controllers/api/v1/users_controller.rb:4:in `index'
Completed 200 OK in 4ms (Views: 3.5ms | ActiveRecord: 0.1ms | Allocations: 665)


Started GET "/api/v1/users" for 127.0.0.1 at 2024-01-03 15:50:03 +0800
Processing by Api::V1::UsersController#index as */*
  [1m[36mUser Load (0.1ms)[0m  [1m[34mSELECT "users".* FROM "users"[0m
  ↳ app/controllers/api/v1/users_controller.rb:4:in `index'
Completed 200 OK in 5ms (Views: 4.2ms | ActiveRecord: 0.1ms | Allocations: 665)


  [1m[36mActiveRecord::InternalMetadata Load (0.4ms)[0m  [1m[34mSELECT * FROM "ar_internal_metadata" WHERE "ar_internal_metadata"."key" = ? ORDER BY "ar_internal_metadata"."key" ASC LIMIT 1[0m  [[nil, "environment"]]
  [1m[36mActiveRecord::SchemaMigration Load (0.1ms)[0m  [1m[34mSELECT "schema_migrations"."version" FROM "schema_migrations" ORDER BY "schema_migrations"."version" ASC[0m
Migrating to CreateComments (20240103082149)
  [1m[36mTRANSACTION (0.0ms)[0m  [1m[36mbegin transaction[0m
  [1m[35m (2.2ms)[0m  [1m[35mCREATE TABLE "comments" ("id" integer PRIMARY KEY AUTOINCREMENT NOT NULL, "user_id" integer NOT NULL, "post_id" integer NOT NULL, "body" varchar, "created_at" datetime(6) NOT NULL, "updated_at" datetime(6) NOT NULL, CONSTRAINT "fk_rails_03de2dc08c"
FOREIGN KEY ("user_id")
  REFERENCES "users" ("id")
, CONSTRAINT "fk_rails_2fd19c0db7"
FOREIGN KEY ("post_id")
  REFERENCES "posts" ("id")
)[0m
  [1m[35m (0.1ms)[0m  [1m[35mCREATE INDEX "index_comments_on_user_id" ON "comments" ("user_id")[0m
  [1m[35m (0.1ms)[0m  [1m[35mCREATE INDEX "index_comments_on_post_id" ON "comments" ("post_id")[0m
  [1m[36mActiveRecord::SchemaMigration Create (0.2ms)[0m  [1m[32mINSERT INTO "schema_migrations" ("version") VALUES ('20240103082149') RETURNING "version"[0m
  [1m[36mTRANSACTION (3.0ms)[0m  [1m[36mcommit transaction[0m
  [1m[36mActiveRecord::SchemaMigration Load (0.1ms)[0m  [1m[34mSELECT "schema_migrations"."version" FROM "schema_migrations" ORDER BY "schema_migrations"."version" ASC[0m
  [1m[36mActiveRecord::InternalMetadata Load (0.2ms)[0m  [1m[34mSELECT * FROM "ar_internal_metadata" WHERE "ar_internal_metadata"."key" = ? ORDER BY "ar_internal_metadata"."key" ASC LIMIT 1[0m  [[nil, "environment"]]
  [1m[36mActiveRecord::SchemaMigration Load (0.1ms)[0m  [1m[34mSELECT "schema_migrations"."version" FROM "schema_migrations" ORDER BY "schema_migrations"."version" ASC[0m
Migrating to CreateSubposts (20240103082339)
  [1m[36mTRANSACTION (0.1ms)[0m  [1m[36mbegin transaction[0m
  [1m[35m (0.8ms)[0m  [1m[35mCREATE TABLE "subposts" ("id" integer PRIMARY KEY AUTOINCREMENT NOT NULL, "user_id" integer NOT NULL, "post_id" integer NOT NULL, "body" varchar, "created_at" datetime(6) NOT NULL, "updated_at" datetime(6) NOT NULL, CONSTRAINT "fk_rails_fb3994de8e"
FOREIGN KEY ("user_id")
  REFERENCES "users" ("id")
, CONSTRAINT "fk_rails_cf39dda53b"
FOREIGN KEY ("post_id")
  REFERENCES "posts" ("id")
)[0m
  [1m[35m (0.1ms)[0m  [1m[35mCREATE INDEX "index_subposts_on_user_id" ON "subposts" ("user_id")[0m
  [1m[35m (0.1ms)[0m  [1m[35mCREATE INDEX "index_subposts_on_post_id" ON "subposts" ("post_id")[0m
  [1m[36mActiveRecord::SchemaMigration Create (0.2ms)[0m  [1m[32mINSERT INTO "schema_migrations" ("version") VALUES ('20240103082339') RETURNING "version"[0m
  [1m[36mTRANSACTION (0.3ms)[0m  [1m[36mcommit transaction[0m
  [1m[36mActiveRecord::SchemaMigration Load (0.1ms)[0m  [1m[34mSELECT "schema_migrations"."version" FROM "schema_migrations" ORDER BY "schema_migrations"."version" ASC[0m
